<?xml version="1.0" encoding="UTF-8"?>
<!-- Generated by org.testng.reporters.JUnitReportReporter -->
<testsuite hostname="breadscrums-ThinkPad-T460" failures="0" tests="12" name="com.Optiomax.testCases.UsersTest" time="0.058" errors="1" timestamp="2025-02-04T12:19:44 IST" skipped="11">
  <testcase classname="com.Optiomax.testCases.UsersTest" name="setup" time="0.058">
    <error message="The driver executable does not exist: /home/breadscrums/Documents/optiomax-app-automation-master/C:\Users\Janodya\eclipse-workspace\OptiomaxAppAutomate\Resource Files\Drivers\chromedriver.exe" type="java.lang.IllegalStateException">
      <![CDATA[java.lang.IllegalStateException: The driver executable does not exist: /home/breadscrums/Documents/optiomax-app-automation-master/C:\Users\Janodya\eclipse-workspace\OptiomaxAppAutomate\Resource Files\Drivers\chromedriver.exe
at com.google.common.base.Preconditions.checkState(Preconditions.java:585)
at org.openqa.selenium.remote.service.DriverService.checkExecutable(DriverService.java:146)
at org.openqa.selenium.remote.service.DriverService.findExecutable(DriverService.java:141)
at org.openqa.selenium.chrome.ChromeDriverService.access$000(ChromeDriverService.java:35)
at org.openqa.selenium.chrome.ChromeDriverService$Builder.findDefaultExecutable(ChromeDriverService.java:159)
at org.openqa.selenium.remote.service.DriverService$Builder.build(DriverService.java:355)
at org.openqa.selenium.chrome.ChromeDriverService.createDefaultService(ChromeDriverService.java:94)
at org.openqa.selenium.chrome.ChromeDriver.<init>(ChromeDriver.java:123)
at com.Optiomax.pageObjects.BasePage.setup(BasePage.java:18)
at java.base/jdk.internal.reflect.NativeMethodAccessorImpl.invoke0(Native Method)
at java.base/jdk.internal.reflect.NativeMethodAccessorImpl.invoke(NativeMethodAccessorImpl.java:77)
at java.base/jdk.internal.reflect.DelegatingMethodAccessorImpl.invoke(DelegatingMethodAccessorImpl.java:43)
at java.base/java.lang.reflect.Method.invoke(Method.java:569)
at org.testng.internal.MethodInvocationHelper.invokeMethod(MethodInvocationHelper.java:133)
at org.testng.internal.MethodInvocationHelper.invokeMethodConsideringTimeout(MethodInvocationHelper.java:62)
at org.testng.internal.ConfigInvoker.invokeConfigurationMethod(ConfigInvoker.java:385)
at org.testng.internal.ConfigInvoker.invokeConfigurations(ConfigInvoker.java:321)
at org.testng.internal.TestMethodWorker.invokeBeforeClassMethods(TestMethodWorker.java:176)
at org.testng.internal.TestMethodWorker.run(TestMethodWorker.java:122)
at java.base/java.util.ArrayList.forEach(ArrayList.java:1511)
at org.testng.TestRunner.privateRun(TestRunner.java:794)
at org.testng.TestRunner.run(TestRunner.java:596)
at org.testng.SuiteRunner.runTest(SuiteRunner.java:377)
at org.testng.SuiteRunner.runSequentially(SuiteRunner.java:371)
at org.testng.SuiteRunner.privateRun(SuiteRunner.java:332)
at org.testng.SuiteRunner.run(SuiteRunner.java:276)
at org.testng.SuiteRunnerWorker.runSuite(SuiteRunnerWorker.java:53)
at org.testng.SuiteRunnerWorker.run(SuiteRunnerWorker.java:96)
at org.testng.TestNG.runSuitesSequentially(TestNG.java:1212)
at org.testng.TestNG.runSuitesLocally(TestNG.java:1134)
at org.testng.TestNG.runSuites(TestNG.java:1063)
at org.testng.TestNG.run(TestNG.java:1031)
at org.testng.remote.AbstractRemoteTestNG.run(AbstractRemoteTestNG.java:115)
at org.testng.remote.RemoteTestNG.initAndRun(RemoteTestNG.java:293)
at org.testng.remote.RemoteTestNG.main(RemoteTestNG.java:91)
]]>
    </error>
  </testcase> <!-- setup -->
  <system-out/>
  <testcase classname="com.Optiomax.testCases.UsersTest" name="testAddNewUsersButton" time="0.000">
    <skipped/>
  </testcase> <!-- testAddNewUsersButton -->
  <system-out/>
  <testcase classname="com.Optiomax.testCases.UsersTest" name="testSearchFunctionality" time="0.000">
    <skipped/>
  </testcase> <!-- testSearchFunctionality -->
  <system-out/>
  <testcase classname="com.Optiomax.testCases.UsersTest" name="testPartialSearchFunctionality" time="0.000">
    <skipped/>
  </testcase> <!-- testPartialSearchFunctionality -->
  <system-out/>
  <testcase classname="com.Optiomax.testCases.UsersTest" name="testSearchNoResults" time="0.000">
    <skipped/>
  </testcase> <!-- testSearchNoResults -->
  <system-out/>
  <testcase classname="com.Optiomax.testCases.UsersTest" name="testExportCSV" time="0.000">
    <skipped/>
  </testcase> <!-- testExportCSV -->
  <system-out/>
  <testcase classname="com.Optiomax.testCases.UsersTest" name="testFilterValidCriteria" time="0.000">
    <skipped/>
  </testcase> <!-- testFilterValidCriteria -->
  <system-out/>
  <testcase classname="com.Optiomax.testCases.UsersTest" name="testFilterNonExistingData" time="0.000">
    <skipped/>
  </testcase> <!-- testFilterNonExistingData -->
  <system-out/>
  <testcase classname="com.Optiomax.testCases.UsersTest" name="testToggleListView" time="0.000">
    <skipped/>
  </testcase> <!-- testToggleListView -->
  <system-out/>
  <testcase classname="com.Optiomax.testCases.UsersTest" name="testToggleGridView" time="0.000">
    <skipped/>
  </testcase> <!-- testToggleGridView -->
  <system-out/>
  <testcase classname="com.Optiomax.testCases.UsersTest" name="testNextPageButton" time="0.000">
    <skipped/>
  </testcase> <!-- testNextPageButton -->
  <system-out/>
  <testcase classname="com.Optiomax.testCases.UsersTest" name="testPreviousPageButton" time="0.000">
    <skipped/>
  </testcase> <!-- testPreviousPageButton -->
  <system-out/>
</testsuite> <!-- com.Optiomax.testCases.UsersTest -->
